(.venv) apple@Apples-Mac-mini ClueStorer % python normalize_categories.py
Connected.
Sampled 500 categories. Generating taxonomy...
Taxonomy saved to taxonomy.json.

Taxonomy (74 topics):
  - U.S. History
  - U.S. Government & Politics
  - U.S. Geography & Cities
  - World History
  - World Geography & Capitals
  - European History & Culture
  - Asian History & Culture
  - African History & Culture
  - American Literature
  - British Literature
  - World Literature
  - Shakespeare
  - Poetry & Poets
  - Mythology & Folklore
  - Religion & Biblical Studies
  - Philosophy & Ethics
  - Ancient Civilizations
  - Medieval History
  - Renaissance & Enlightenment
  - 19th Century History
  - 20th Century History
  - Military History & Wars
  - Royalty & Monarchy
  - Classical Music & Composers
  - Popular Music & Musicians
  - Rock & Pop Culture
  - Jazz & Blues
  - Opera & Musical Theatre
  - Film & Cinema
  - Television & Broadcasting
  - Theater & Drama
  - Art History & Artists
  - Architecture & Design
  - Sculpture & Visual Arts
  - Photography
  - Fashion & Style
  - Sports & Athletes
  - Olympics & Games
  - Biology & Life Sciences
  - Chemistry
  - Physics
  - Astronomy & Space
  - Geology & Earth Sciences
  - Geography & Nature
  - Botany & Plants
  - Zoology & Animals
  - Medicine & Health
  - Anatomy & Physiology
  - Mathematics
  - Technology & Inventions
  - Computing & Internet
  - Transportation
  - Engineering
  - Economics & Business
  - Law & Legal Systems
  - Psychology
  - Anthropology & Sociology
  - Food & Cuisine
  - Beverages
  - Cooking & Recipes
  - Geography of Food
  - Customs & Traditions
  - Holidays & Celebrations
  - Awards & Honors
  - Biographies & Notable People
  - Science & Exploration
  - Museums & Collections
  - Landmarks & Monuments
  - National Parks & Natural Wonders
  - Languages & Words
  - Grammar & Linguistics
  - Wordplay & Puzzles
  - Miscellaneous Trivia
  - Other

56,328 unique categories total, 0 already mapped, 56,328 remaining.
100%|█████████████████████████████████████████████████████████████████████| 1878/1878 [58:14<00:00,  1.86s/it]

Done. 56,328 categories processed. 0 batches failed.
(.venv) apple@Apples-Mac-mini ClueStorer %